GPU Device 0: "GeForce GTX 680" with compute capability 3.0

Directory ../resource/small_london with 3398 files initialized.
Executing GPU Version.
Initializing Matrix.
Comparing 1750 images with OpenCV_GPU...
Initialization of T done. 
************** Iteration 0 **************
[ESTIMATOR]: Determine kBest confidence measures on GPU (column-wise).
[ESTIMATOR]: Device index arrays with size 1750 allocated.
time Solving: 18820
After solving [1750 of 1750 NO ERROR]! Going to sort with thrust
Comparing 1750 images with OpenCV_GPU...
************** Iteration 1 **************
[ESTIMATOR]: Determine kBest confidence measures on GPU (column-wise).
time Solving: 20610
After solving [1750 of 1750 NO ERROR]! Going to sort with thrust
Comparing 1750 images with OpenCV_GPU...
************** Iteration 2 **************
[ESTIMATOR]: Determine kBest confidence measures on GPU (column-wise).
time Solving: 20300
After solving [1750 of 1750 NO ERROR]! Going to sort with thrust
Comparing 1750 images with OpenCV_GPU...
************** Iteration 3 **************
[ESTIMATOR]: Determine kBest confidence measures on GPU (column-wise).
time Solving: 19930
After solving [1750 of 1750 NO ERROR]! Going to sort with thrust
Comparing 1750 images with OpenCV_GPU...
************** Iteration 4 **************
[ESTIMATOR]: Determine kBest confidence measures on GPU (column-wise).
time Solving: 19820
After solving [1750 of 1750 NO ERROR]! Going to sort with thrust
Comparing 1750 images with OpenCV_GPU...
************** Iteration 5 **************
[ESTIMATOR]: Determine kBest confidence measures on GPU (column-wise).
time Solving: 19840
After solving [1750 of 1750 NO ERROR]! Going to sort with thrust
Comparing 1750 images with OpenCV_GPU...
************** Iteration 6 **************
[ESTIMATOR]: Determine kBest confidence measures on GPU (column-wise).
time Solving: 19840
After solving [1750 of 1750 NO ERROR]! Going to sort with thrust
Comparing 1750 images with OpenCV_GPU...
************** Iteration 7 **************
[ESTIMATOR]: Determine kBest confidence measures on GPU (column-wise).
time Solving: 20020
After solving [1750 of 1750 NO ERROR]! Going to sort with thrust
Comparing 1750 images with OpenCV_GPU...
************** Iteration 8 **************
[ESTIMATOR]: Determine kBest confidence measures on GPU (column-wise).
time Solving: 19990
After solving [1750 of 1750 NO ERROR]! Going to sort with thrust
Comparing 1750 images with OpenCV_GPU...
************** Iteration 9 **************
[ESTIMATOR]: Determine kBest confidence measures on GPU (column-wise).
time Solving: 20000
After solving [1750 of 1750 NO ERROR]! Going to sort with thrust
Comparing 1750 images with OpenCV_GPU...
************** Iteration 10 **************
[ESTIMATOR]: Determine kBest confidence measures on GPU (column-wise).
time Solving: 20190
After solving [1750 of 1750 NO ERROR]! Going to sort with thrust
Comparing 1750 images with OpenCV_GPU...
************** Iteration 11 **************
[ESTIMATOR]: Determine kBest confidence measures on GPU (column-wise).
time Solving: 20310
After solving [1750 of 1750 NO ERROR]! Going to sort with thrust
Comparing 1750 images with OpenCV_GPU...
************** Iteration 12 **************
[ESTIMATOR]: Determine kBest confidence measures on GPU (column-wise).
time Solving: 20260
After solving [1750 of 1750 NO ERROR]! Going to sort with thrust
Comparing 1750 images with OpenCV_GPU...
************** Iteration 13 **************
[ESTIMATOR]: Determine kBest confidence measures on GPU (column-wise).
time Solving: 20380
After solving [1750 of 1750 NO ERROR]! Going to sort with thrust
Comparing 1750 images with OpenCV_GPU...
************** Iteration 14 **************
[ESTIMATOR]: Determine kBest confidence measures on GPU (column-wise).
time Solving: 22460
After solving [1750 of 1750 NO ERROR]! Going to sort with thrust
Comparing 1750 images with OpenCV_GPU...
************** Iteration 15 **************
[ESTIMATOR]: Determine kBest confidence measures on GPU (column-wise).
time Solving: 20640
After solving [1750 of 1750 NO ERROR]! Going to sort with thrust
Comparing 1750 images with OpenCV_GPU...
************** Iteration 16 **************
[ESTIMATOR]: Determine kBest confidence measures on GPU (column-wise).
time Solving: 20770
After solving [1750 of 1750 NO ERROR]! Going to sort with thrust
Comparing 1750 images with OpenCV_GPU...
************** Iteration 17 **************
[ESTIMATOR]: Determine kBest confidence measures on GPU (column-wise).
time Solving: 20920
After solving [1750 of 1750 NO ERROR]! Going to sort with thrust
Comparing 1750 images with OpenCV_GPU...
************** Iteration 18 **************
[ESTIMATOR]: Determine kBest confidence measures on GPU (column-wise).
time Solving: 21570
After solving [1750 of 1750 NO ERROR]! Going to sort with thrust
Comparing 1750 images with OpenCV_GPU...
************** Iteration 19 **************
[ESTIMATOR]: Determine kBest confidence measures on GPU (column-wise).
time Solving: 21050
After solving [1750 of 1750 NO ERROR]! Going to sort with thrust
Comparing 1750 images with OpenCV_GPU...
************** Iteration 20 **************
[ESTIMATOR]: Determine kBest confidence measures on GPU (column-wise).
time Solving: 21230
After solving [1750 of 1750 NO ERROR]! Going to sort with thrust
Comparing 1750 images with OpenCV_GPU...
************** Iteration 21 **************
[ESTIMATOR]: Determine kBest confidence measures on GPU (column-wise).
time Solving: 21430
After solving [1750 of 1750 NO ERROR]! Going to sort with thrust
Comparing 1750 images with OpenCV_GPU...
************** Iteration 22 **************
[ESTIMATOR]: Determine kBest confidence measures on GPU (column-wise).
time Solving: 21370
After solving [1750 of 1750 NO ERROR]! Going to sort with thrust
Comparing 1750 images with OpenCV_GPU...
************** Iteration 23 **************
[ESTIMATOR]: Determine kBest confidence measures on GPU (column-wise).
time Solving: 21660
After solving [1750 of 1750 NO ERROR]! Going to sort with thrust
Comparing 1750 images with OpenCV_GPU...
************** Iteration 24 **************
[ESTIMATOR]: Determine kBest confidence measures on GPU (column-wise).
time Solving: 21730
After solving [1750 of 1750 NO ERROR]! Going to sort with thrust
Comparing 1750 images with OpenCV_GPU...
************** Iteration 25 **************
[ESTIMATOR]: Determine kBest confidence measures on GPU (column-wise).
time Solving: 21670
After solving [1750 of 1750 NO ERROR]! Going to sort with thrust
Comparing 1750 images with OpenCV_GPU...
************** Iteration 26 **************
[ESTIMATOR]: Determine kBest confidence measures on GPU (column-wise).
time Solving: 21970
After solving [1750 of 1750 NO ERROR]! Going to sort with thrust
Comparing 1750 images with OpenCV_GPU...
************** Iteration 27 **************
[ESTIMATOR]: Determine kBest confidence measures on GPU (column-wise).
time Solving: 22080
After solving [1750 of 1750 NO ERROR]! Going to sort with thrust
Comparing 1750 images with OpenCV_GPU...
************** Iteration 28 **************
[ESTIMATOR]: Determine kBest confidence measures on GPU (column-wise).
time Solving: 21950
After solving [1750 of 1750 NO ERROR]! Going to sort with thrust
Comparing 1750 images with OpenCV_GPU...
************** Iteration 29 **************
[ESTIMATOR]: Determine kBest confidence measures on GPU (column-wise).
time Solving: 22180
After solving [1750 of 1750 NO ERROR]! Going to sort with thrust
Comparing 1750 images with OpenCV_GPU...
************** Iteration 30 **************
[ESTIMATOR]: Determine kBest confidence measures on GPU (column-wise).
time Solving: 22230
After solving [1750 of 1750 NO ERROR]! Going to sort with thrust
Comparing 1750 images with OpenCV_GPU...
************** Iteration 31 **************
[ESTIMATOR]: Determine kBest confidence measures on GPU (column-wise).
time Solving: 22460
After solving [1750 of 1750 NO ERROR]! Going to sort with thrust
Comparing 1750 images with OpenCV_GPU...
************** Iteration 32 **************
[ESTIMATOR]: Determine kBest confidence measures on GPU (column-wise).
time Solving: 22820
After solving [1750 of 1750 NO ERROR]! Going to sort with thrust
Comparing 1750 images with OpenCV_GPU...
************** Iteration 33 **************
[ESTIMATOR]: Determine kBest confidence measures on GPU (column-wise).
time Solving: 22920
After solving [1750 of 1750 NO ERROR]! Going to sort with thrust
Comparing 1750 images with OpenCV_GPU...
************** Iteration 34 **************
[ESTIMATOR]: Determine kBest confidence measures on GPU (column-wise).
time Solving: 23010
After solving [1750 of 1750 NO ERROR]! Going to sort with thrust
Comparing 1750 images with OpenCV_GPU...
************** Iteration 35 **************
[ESTIMATOR]: Determine kBest confidence measures on GPU (column-wise).
time Solving: 22920
After solving [1750 of 1750 NO ERROR]! Going to sort with thrust
Comparing 1750 images with OpenCV_GPU...
************** Iteration 36 **************
[ESTIMATOR]: Determine kBest confidence measures on GPU (column-wise).
time Solving: 23320
After solving [1750 of 1750 NO ERROR]! Going to sort with thrust
Comparing 1750 images with OpenCV_GPU...
************** Iteration 37 **************
[ESTIMATOR]: Determine kBest confidence measures on GPU (column-wise).
time Solving: 23490
After solving [1750 of 1750 NO ERROR]! Going to sort with thrust
Comparing 1750 images with OpenCV_GPU...
************** Iteration 38 **************
[ESTIMATOR]: Determine kBest confidence measures on GPU (column-wise).
time Solving: 23860
After solving [1750 of 1750 NO ERROR]! Going to sort with thrust
Comparing 1750 images with OpenCV_GPU...
************** Iteration 39 **************
[ESTIMATOR]: Determine kBest confidence measures on GPU (column-wise).
time Solving: 24350
After solving [1750 of 1750 NO ERROR]! Going to sort with thrust
Comparing 1750 images with OpenCV_GPU...
************** Iteration 40 **************
[ESTIMATOR]: Determine kBest confidence measures on GPU (column-wise).
time Solving: 24220
After solving [1750 of 1750 NO ERROR]! Going to sort with thrust
Comparing 1750 images with OpenCV_GPU...
************** Iteration 41 **************
[ESTIMATOR]: Determine kBest confidence measures on GPU (column-wise).
time Solving: 24110
After solving [1750 of 1750 NO ERROR]! Going to sort with thrust
Comparing 1750 images with OpenCV_GPU...
************** Iteration 42 **************
[ESTIMATOR]: Determine kBest confidence measures on GPU (column-wise).
time Solving: 24090
After solving [1750 of 1750 NO ERROR]! Going to sort with thrust
Comparing 1750 images with OpenCV_GPU...
************** Iteration 43 **************
[ESTIMATOR]: Determine kBest confidence measures on GPU (column-wise).
time Solving: 25080
After solving [1750 of 1750 NO ERROR]! Going to sort with thrust
Comparing 1750 images with OpenCV_GPU...
************** Iteration 44 **************
[ESTIMATOR]: Determine kBest confidence measures on GPU (column-wise).
time Solving: 24940
After solving [1750 of 1750 NO ERROR]! Going to sort with thrust
Comparing 1750 images with OpenCV_GPU...
************** Iteration 45 **************
[ESTIMATOR]: Determine kBest confidence measures on GPU (column-wise).
time Solving: 25090
After solving [1750 of 1750 NO ERROR]! Going to sort with thrust
Comparing 1750 images with OpenCV_GPU...
************** Iteration 46 **************
[ESTIMATOR]: Determine kBest confidence measures on GPU (column-wise).
time Solving: 25070
After solving [1750 of 1750 NO ERROR]! Going to sort with thrust
Comparing 1750 images with OpenCV_GPU...
************** Iteration 47 **************
[ESTIMATOR]: Determine kBest confidence measures on GPU (column-wise).
time Solving: 25220
After solving [1750 of 1750 NO ERROR]! Going to sort with thrust
Comparing 1750 images with OpenCV_GPU...
************** Iteration 48 **************
[ESTIMATOR]: Determine kBest confidence measures on GPU (column-wise).
time Solving: 25390
After solving [1750 of 1750 NO ERROR]! Going to sort with thrust
Comparing 1750 images with OpenCV_GPU...
************** Iteration 49 **************
[ESTIMATOR]: Determine kBest confidence measures on GPU (column-wise).
time Solving: 25390
After solving [1750 of 1750 NO ERROR]! Going to sort with thrust
Comparing 1750 images with OpenCV_GPU...
